[INFO   ] Logger: Record log in /storage/emulated/0/Download/git/Gincell/.kivy/logs/kivy_20-10-27_63.txt
[INFO   ] Kivy: v1.11.1
[INFO   ] Kivy: Installed at "/data/user/0/ru.iiec.pydroid3/files/arm-linux-androideabi/lib/python3.8/site-packages/kivy/__init__.py"
[INFO   ] Python: v3.8.3 (default, Jun 15 2020, 02:19:10) 
[GCC 9.3.0]
[INFO   ] Python: Interpreter at "/data/user/0/ru.iiec.pydroid3/files/arm-linux-androideabi/bin/python3"
[INFO   ] Factory: 184 symbols loaded
[INFO   ] Image: Providers: img_tex, img_dds, img_sdl2, img_pil, img_gif (img_ffpyplayer ignored)
[INFO   ] KivyMD: v0.104.1
[INFO   ] Window: Provider: sdl2
[INFO   ] GL: Using the "OpenGL ES 2" graphics system
[INFO   ] GL: Backend used <sdl2>
[INFO   ] GL: OpenGL version <b'OpenGL ES 3.2 v1.r29p0-01rel0.###other-sha0123456789ABCDEF0###'>
[INFO   ] GL: OpenGL vendor <b'ARM'>
[INFO   ] GL: OpenGL renderer <b'Mali-T830'>
[INFO   ] GL: OpenGL parsed version: 3, 2
[INFO   ] GL: Texture max size <8192>
[INFO   ] GL: Texture max units <16>
[INFO   ] Window: auto add sdl2 input provider
[INFO   ] Window: virtual keyboard not allowed, single mode, not docked
[INFO   ] Text: Provider: sdl2
[INFO   ] GL: NPOT texture support is available
[WARNING] stderr: Traceback (most recent call last):
[WARNING] stderr:   File "/data/user/0/ru.iiec.pydroid3/files/arm-linux-androideabi/lib/python3.8/site-packages/kivy/lang/builder.py", line 700, in _apply_rule
[WARNING] stderr:     setattr(widget_set, key, value)
[WARNING] stderr:   File "kivy/weakproxy.pyx", line 35, in kivy.weakproxy.WeakProxy.__setattr__
[WARNING] stderr:   File "kivy/properties.pyx", line 497, in kivy.properties.Property.__set__
[WARNING] stderr:   File "kivy/properties.pyx", line 541, in kivy.properties.Property.set
[WARNING] stderr:   File "kivy/properties.pyx", line 532, in kivy.properties.Property.set
[WARNING] stderr:   File "kivy/properties.pyx", line 1252, in kivy.properties.OptionProperty.check
[WARNING] stderr: ValueError: MDLabel.halign is set to an invalid option 'middle'. Must be one of: ['left', 'center', 'right', 'justify', 'auto']
[WARNING] stderr: 
[WARNING] stderr: During handling of the above exception, another exception occurred:
[WARNING] stderr: 
[WARNING] stderr: Traceback (most recent call last):
[WARNING] stderr:   File "/storage/emulated/0/Download/git/Gincell/cellx_ui.py", line 52, in <module>
[WARNING] stderr:     GincellApp().run()
[WARNING] stderr:   File "/data/user/0/ru.iiec.pydroid3/files/arm-linux-androideabi/lib/python3.8/site-packages/kivy/app.py", line 829, in run
[WARNING] stderr:     root = self.build()
[WARNING] stderr:   File "/storage/emulated/0/Download/git/Gincell/cellx_ui.py", line 47, in build
[WARNING] stderr:     screen = Builder.load_string(KV)
[WARNING] stderr:   File "/data/user/0/ru.iiec.pydroid3/files/arm-linux-androideabi/lib/python3.8/site-packages/kivy/lang/builder.py", line 403, in load_string
[WARNING] stderr:     self._apply_rule(
[WARNING] stderr:   File "/data/user/0/ru.iiec.pydroid3/files/arm-linux-androideabi/lib/python3.8/site-packages/kivy/lang/builder.py", line 705, in _apply_rule
[WARNING] stderr:     raise BuilderException(rule.ctx, rule.line,
[WARNING] stderr: kivy.lang.builder.BuilderException: Parser: File "<inline>", line 11:
[WARNING] stderr: ...
[WARNING] stderr:       9:		MDLabel:
[WARNING] stderr:      10:			text: "path/to/file/xlsx"
[WARNING] stderr: >>   11:			halign: "middle"
[WARNING] stderr:      12:			#text_size:
[WARNING] stderr:      13:			
[WARNING] stderr: ...
[WARNING] stderr: ValueError: MDLabel.halign is set to an invalid option 'middle'. Must be one of: ['left', 'center', 'right', 'justify', 'auto']
[WARNING] stderr:   File "/data/user/0/ru.iiec.pydroid3/files/arm-linux-androideabi/lib/python3.8/site-packages/kivy/lang/builder.py", line 700, in _apply_rule
[WARNING] stderr:     setattr(widget_set, key, value)
[WARNING] stderr:   File "kivy/weakproxy.pyx", line 35, in kivy.weakproxy.WeakProxy.__setattr__
[WARNING] stderr:   File "kivy/properties.pyx", line 497, in kivy.properties.Property.__set__
[WARNING] stderr:   File "kivy/properties.pyx", line 541, in kivy.properties.Property.set
[WARNING] stderr:   File "kivy/properties.pyx", line 532, in kivy.properties.Property.set
[WARNING] stderr:   File "kivy/properties.pyx", line 1252, in kivy.properties.OptionProperty.check
[WARNING] stderr: 
