[INFO   ] Logger: Record log in /storage/emulated/0/Download/git/Gincell/.kivy/logs/kivy_20-10-28_30.txt
[INFO   ] Kivy: v1.11.1
[INFO   ] Kivy: Installed at "/data/user/0/ru.iiec.pydroid3/files/arm-linux-androideabi/lib/python3.8/site-packages/kivy/__init__.py"
[INFO   ] Python: v3.8.3 (default, Jun 15 2020, 02:19:10) 
[GCC 9.3.0]
[INFO   ] Python: Interpreter at "/data/user/0/ru.iiec.pydroid3/files/arm-linux-androideabi/bin/python3"
[INFO   ] Factory: 184 symbols loaded
[INFO   ] Image: Providers: img_tex, img_dds, img_sdl2, img_pil, img_gif (img_ffpyplayer ignored)
[INFO   ] KivyMD: v0.104.1
[INFO   ] Window: Provider: sdl2
[INFO   ] GL: Using the "OpenGL ES 2" graphics system
[INFO   ] GL: Backend used <sdl2>
[INFO   ] GL: OpenGL version <b'OpenGL ES 3.2 v1.r29p0-01rel0.###other-sha0123456789ABCDEF0###'>
[INFO   ] GL: OpenGL vendor <b'ARM'>
[INFO   ] GL: OpenGL renderer <b'Mali-T830'>
[INFO   ] GL: OpenGL parsed version: 3, 2
[INFO   ] GL: Texture max size <8192>
[INFO   ] GL: Texture max units <16>
[INFO   ] Window: auto add sdl2 input provider
[INFO   ] Window: virtual keyboard not allowed, single mode, not docked
[INFO   ] Text: Provider: sdl2
[INFO   ] GL: NPOT texture support is available
[WARNING] stderr: Traceback (most recent call last):
[WARNING] stderr:   File "/data/user/0/ru.iiec.pydroid3/files/arm-linux-androideabi/lib/python3.8/site-packages/kivy/lang/builder.py", line 249, in create_handler
[WARNING] stderr:     return eval(value, idmap), bound_list
[WARNING] stderr:   File "<string>", line 9, in <module>
[WARNING] stderr: NameError: name 'center_x' is not defined
[WARNING] stderr: 
[WARNING] stderr: During handling of the above exception, another exception occurred:
[WARNING] stderr: 
[WARNING] stderr: Traceback (most recent call last):
[WARNING] stderr:   File "/data/user/0/ru.iiec.pydroid3/files/arm-linux-androideabi/lib/python3.8/site-packages/kivy/lang/builder.py", line 690, in _apply_rule
[WARNING] stderr:     value, bound = create_handler(
[WARNING] stderr:   File "/data/user/0/ru.iiec.pydroid3/files/arm-linux-androideabi/lib/python3.8/site-packages/kivy/lang/builder.py", line 252, in create_handler
[WARNING] stderr:     raise BuilderException(rule.ctx, rule.line,
[WARNING] stderr: kivy.lang.builder.BuilderException: Parser: File "<inline>", line 9:
[WARNING] stderr: ...
[WARNING] stderr:       7:		padding: 20, 0, 20, 0
[WARNING] stderr:       8:		size_hint: 1.0, None
[WARNING] stderr: >>    9:		pos_hint: {center_x: 1}
[WARNING] stderr:      10:		
[WARNING] stderr:      11:		MDLabel:
[WARNING] stderr: ...
[WARNING] stderr: NameError: name 'center_x' is not defined
[WARNING] stderr:   File "/data/user/0/ru.iiec.pydroid3/files/arm-linux-androideabi/lib/python3.8/site-packages/kivy/lang/builder.py", line 249, in create_handler
[WARNING] stderr:     return eval(value, idmap), bound_list
[WARNING] stderr:   File "<string>", line 9, in <module>
[WARNING] stderr: 
[WARNING] stderr: 
[WARNING] stderr: During handling of the above exception, another exception occurred:
[WARNING] stderr: 
[WARNING] stderr: Traceback (most recent call last):
[WARNING] stderr:   File "/storage/emulated/0/Download/git/Gincell/cellx_ui.py", line 59, in <module>
[WARNING] stderr:     GincellApp().run()
[WARNING] stderr:   File "/data/user/0/ru.iiec.pydroid3/files/arm-linux-androideabi/lib/python3.8/site-packages/kivy/app.py", line 829, in run
[WARNING] stderr:     root = self.build()
[WARNING] stderr:   File "/storage/emulated/0/Download/git/Gincell/cellx_ui.py", line 54, in build
[WARNING] stderr:     screen = Builder.load_string(KV)
[WARNING] stderr:   File "/data/user/0/ru.iiec.pydroid3/files/arm-linux-androideabi/lib/python3.8/site-packages/kivy/lang/builder.py", line 403, in load_string
[WARNING] stderr:     self._apply_rule(
[WARNING] stderr:   File "/data/user/0/ru.iiec.pydroid3/files/arm-linux-androideabi/lib/python3.8/site-packages/kivy/lang/builder.py", line 705, in _apply_rule
[WARNING] stderr:     raise BuilderException(rule.ctx, rule.line,
[WARNING] stderr: kivy.lang.builder.BuilderException: Parser: File "<inline>", line 9:
[WARNING] stderr: ...
[WARNING] stderr:       7:		padding: 20, 0, 20, 0
[WARNING] stderr:       8:		size_hint: 1.0, None
[WARNING] stderr: >>    9:		pos_hint: {center_x: 1}
[WARNING] stderr:      10:		
[WARNING] stderr:      11:		MDLabel:
[WARNING] stderr: ...
[WARNING] stderr: BuilderException: Parser: File "<inline>", line 9:
[WARNING] stderr: ...
[WARNING] stderr:       7:		padding: 20, 0, 20, 0
[WARNING] stderr:       8:		size_hint: 1.0, None
[WARNING] stderr: >>    9:		pos_hint: {center_x: 1}
[WARNING] stderr:      10:		
[WARNING] stderr:      11:		MDLabel:
[WARNING] stderr: ...
[WARNING] stderr: NameError: name 'center_x' is not defined
[WARNING] stderr:   File "/data/user/0/ru.iiec.pydroid3/files/arm-linux-androideabi/lib/python3.8/site-packages/kivy/lang/builder.py", line 249, in create_handler
[WARNING] stderr:     return eval(value, idmap), bound_list
[WARNING] stderr:   File "<string>", line 9, in <module>
[WARNING] stderr: 
[WARNING] stderr:   File "/data/user/0/ru.iiec.pydroid3/files/arm-linux-androideabi/lib/python3.8/site-packages/kivy/lang/builder.py", line 690, in _apply_rule
[WARNING] stderr:     value, bound = create_handler(
[WARNING] stderr:   File "/data/user/0/ru.iiec.pydroid3/files/arm-linux-androideabi/lib/python3.8/site-packages/kivy/lang/builder.py", line 252, in create_handler
[WARNING] stderr:     raise BuilderException(rule.ctx, rule.line,
[WARNING] stderr: 
